This is LuaTeX, Version 1.09.0 (MiKTeX 2.9.6930 64-bit)  (format=lualatex 2019.1.9)  9 MAY 2019 11:58
 restricted system commands enabled.
**tgov1.tex
(./tgov1.tex
LaTeX2e <2018-12-01>
Lua module: luaotfload-main 2018-10-28 2.93 luaotfload entry point
Lua module: luaotfload-init 2018-10-28 2.93 luaotfload submodule / initializatio
n
Lua module: lualibs 2018-10-18 2.61 ConTeXt Lua standard libraries.
Lua module: lualibs-extended 2018-10-18 2.61 ConTeXt Lua libraries -- extended c
ollection.
Lua module: luaotfload-log 2018-10-28 2.93 luaotfload submodule / logging
Lua module: luaotfload-parsers 2018-10-28 2.93 luaotfload submodule / filelist
Lua module: luaotfload-configuration 2018-10-28 2.93 luaotfload submodule / conf
ig file reader
luaotfload | conf : Root cache directory is D:/Users/jhaines/AppData/Local/MiKTe
X/2.9/luatex-cache/generic/names.
luaotfload | init : Loading fontloader “fontloader-2018-10-28.lua” from kpse
-resolved path “D:/Users/jhaines/AppData/Local/Programs/MiKTeX 2.9/tex/luatex/
luaotfload/fontloader-2018-10-28.lua”.
Lua-only attribute luaotfload@state = 1
Lua-only attribute luaotfload@noligature = 2
Lua-only attribute luaotfload@syllabe = 3
luaotfload | init : Context OpenType loader version “3.106”
Inserting `luaotfload.node_processor' at position 1 in `pre_linebreak_filter'.
Inserting `luaotfload.node_processor' at position 1 in `hpack_filter'.
Lua module: luaotfload-loaders 2018-10-28 2.93 luaotfload submodule / callback h
andling
Inserting `luaotfload.define_font' at position 1 in `define_font'.
Lua module: luaotfload-database 2018-10-28 2.93 luaotfload submodule / database
Lua module: luaotfload-colors 2018-10-28 2.93 luaotfload submodule / color
Lua-only attribute luaotfload_color_attribute = 4
Lua module: luaotfload-resolvers 2018-10-28 2.93 luaotfload submodule / resolver
s
luaotfload | conf : Root cache directory is D:/Users/jhaines/AppData/Local/MiKTe
X/2.9/luatex-cache/generic/names.
Lua module: luaotfload-features 2018-10-28 2.93 luaotfload submodule / features
Lua module: luaotfload-letterspace 2018-10-28 2.93 luaotfload submodule / color
Lua module: luaotfload-auxiliary 2018-10-28 2.93 luaotfload submodule / auxiliar
y functions
Inserting `luaotfload.aux.set_sscale_dimens' at position 1 in `luaotfload.patch_
font'.
Inserting `luaotfload.aux.patch_cambria_domh' at position 2 in `luaotfload.patch
_font'.
Inserting `luaotfload.aux.fixup_fontdata' at position 1 in `luaotfload.patch_fon
t_unsafe'.
Inserting `luaotfload.aux.set_capheight' at position 3 in `luaotfload.patch_font
'.
Inserting `luaotfload.rewrite_fontname' at position 4 in `luaotfload.patch_font'
.
luaotfload | main : initialization completed in 0.998 seconds

("D:/Users/jhaines/AppData/Local/Programs/MiKTeX 2.9/tex/latex/standalone/stand
alone.cls"
Document Class: standalone 2018/03/26 v1.3a Class to compile TeX sub-files stand
alone

("D:/Users/jhaines/AppData/Local/Programs/MiKTeX 2.9/tex/latex/tools/shellesc.s
ty"
Package: shellesc 2016/06/07 v0.02a unified shell escape interface for LaTeX
Package shellesc Info: Restricted shell escape enabled on input line 69.
)
("D:/Users/jhaines/AppData/Local/Programs/MiKTeX 2.9/tex/generic/oberdiek/iflua
tex.sty"
Package: ifluatex 2016/05/16 v1.4 Provides the ifluatex switch (HO)
Package ifluatex Info: LuaTeX detected.
)
("D:/Users/jhaines/AppData/Local/Programs/MiKTeX 2.9/tex/generic/oberdiek/ifpdf
.sty"
Package: ifpdf 2018/09/07 v3.3 Provides the ifpdf switch
)
("D:/Users/jhaines/AppData/Local/Programs/MiKTeX 2.9/tex/generic/ifxetex/ifxete
x.sty"
Package: ifxetex 2010/09/12 v0.6 Provides ifxetex conditional
)
("D:/Users/jhaines/AppData/Local/Programs/MiKTeX 2.9/tex/latex/xkeyval/xkeyval.
sty"
Package: xkeyval 2014/12/03 v2.7a package option processing (HA)

("D:/Users/jhaines/AppData/Local/Programs/MiKTeX 2.9/tex/generic/xkeyval/xkeyva
l.tex"
("D:/Users/jhaines/AppData/Local/Programs/MiKTeX 2.9/tex/generic/xkeyval/xkvuti
ls.tex"
\XKV@toks=\toks14
\XKV@tempa@toks=\toks15

("D:/Users/jhaines/AppData/Local/Programs/MiKTeX 2.9/tex/generic/xkeyval/keyval
.tex"))
\XKV@depth=\count80
File: xkeyval.tex 2014/12/03 v2.7a key=value parser (HA)
))
\sa@internal=\count81
\c@sapage=\count82

("D:/Users/jhaines/AppData/Local/Programs/MiKTeX 2.9/tex/latex/standalone/stand
alone.cfg"
File: standalone.cfg 2018/03/26 v1.3a Default configuration file for 'standalone
' class
)
("D:/Users/jhaines/AppData/Local/Programs/MiKTeX 2.9/tex/latex/base/article.cls
"
Document Class: article 2018/09/03 v1.4i Standard LaTeX document class
("D:/Users/jhaines/AppData/Local/Programs/MiKTeX 2.9/tex/latex/base/size10.clo"
File: size10.clo 2018/09/03 v1.4i Standard LaTeX file (size option)
luaotfload | db : Font names database loaded from D:/Users/jhaines/AppData/Local
/MiKTeX/2.9/luatex-cache/generic/names/luaotfload-names.luc)
\c@part=\count83
\c@section=\count84
\c@subsection=\count85
\c@subsubsection=\count86
\c@paragraph=\count87
\c@subparagraph=\count88
\c@figure=\count89
\c@table=\count90
\abovecaptionskip=\skip41
\belowcaptionskip=\skip42
\bibindent=\dimen102
)
("D:/Users/jhaines/AppData/Local/Programs/MiKTeX 2.9/tex/generic/luatex85/luate
x85.sty"
Package: luatex85 2016/06/15 v1.4 pdftex aliases for luatex
)
("D:/Users/jhaines/AppData/Local/Programs/MiKTeX 2.9/tex/generic/oberdiek/pdfte
xcmds.sty"
Package: pdftexcmds 2018/09/10 v0.29 Utility functions of pdfTeX for LuaTeX (HO)


("D:/Users/jhaines/AppData/Local/Programs/MiKTeX 2.9/tex/generic/oberdiek/infwa
rerr.sty"
Package: infwarerr 2016/05/16 v1.4 Providing info/warning/error messages (HO)
)
("D:/Users/jhaines/AppData/Local/Programs/MiKTeX 2.9/tex/generic/oberdiek/ltxcm
ds.sty"
Package: ltxcmds 2016/05/16 v1.23 LaTeX kernel commands for general use (HO)
)
Package pdftexcmds Info: \pdf@primitive is available.
Package pdftexcmds Info: \pdf@ifprimitive is available.
Package pdftexcmds Info: \pdfdraftmode found.
\pdftexcmds@toks=\toks16
)
\sa@box=\box27
)
("D:/Users/jhaines/AppData/Local/Programs/MiKTeX 2.9/tex/latex/pgf/frontendlaye
r/tikz.sty"
("D:/Users/jhaines/AppData/Local/Programs/MiKTeX 2.9/tex/latex/pgf/basiclayer/p
gf.sty"
("D:/Users/jhaines/AppData/Local/Programs/MiKTeX 2.9/tex/latex/pgf/utilities/pg
frcs.sty"
("D:/Users/jhaines/AppData/Local/Programs/MiKTeX 2.9/tex/generic/pgf/utilities/
pgfutil-common.tex"
\pgfutil@everybye=\toks17
\pgfutil@tempdima=\dimen103
\pgfutil@tempdimb=\dimen104

("D:/Users/jhaines/AppData/Local/Programs/MiKTeX 2.9/tex/generic/pgf/utilities/
pgfutil-common-lists.tex"))
("D:/Users/jhaines/AppData/Local/Programs/MiKTeX 2.9/tex/generic/pgf/utilities/
pgfutil-latex.def"
\pgfutil@abb=\box28

("D:/Users/jhaines/AppData/Local/Programs/MiKTeX 2.9/tex/latex/ms/everyshi.sty"
Package: everyshi 2001/05/15 v3.00 EveryShipout Package (MS)
))
("D:/Users/jhaines/AppData/Local/Programs/MiKTeX 2.9/tex/generic/pgf/utilities/
pgfrcs.code.tex"
("D:/Users/jhaines/AppData/Local/Programs/MiKTeX 2.9/tex/generic/pgf/pgf.revisi
on.tex")
Package: pgfrcs 2019/01/05 v3.1 (3.1)
))
Package: pgf 2019/01/05 v3.1 (3.1)

("D:/Users/jhaines/AppData/Local/Programs/MiKTeX 2.9/tex/latex/pgf/basiclayer/p
gfcore.sty"
("D:/Users/jhaines/AppData/Local/Programs/MiKTeX 2.9/tex/latex/graphics/graphic
x.sty"
Package: graphicx 2017/06/01 v1.1a Enhanced LaTeX Graphics (DPC,SPQR)

("D:/Users/jhaines/AppData/Local/Programs/MiKTeX 2.9/tex/latex/graphics/graphic
s.sty"
Package: graphics 2017/06/25 v1.2c Standard LaTeX Graphics (DPC,SPQR)

("D:/Users/jhaines/AppData/Local/Programs/MiKTeX 2.9/tex/latex/graphics/trig.st
y"
Package: trig 2016/01/03 v1.10 sin cos tan (DPC)
)
("D:/Users/jhaines/AppData/Local/Programs/MiKTeX 2.9/tex/latex/graphics-cfg/gra
phics.cfg"
File: graphics.cfg 2016/06/04 v1.11 sample graphics configuration
)
Package graphics Info: Driver file: luatex.def on input line 99.

("D:/Users/jhaines/AppData/Local/Programs/MiKTeX 2.9/tex/latex/graphics-def/lua
tex.def"
File: luatex.def 2018/01/08 v1.0l Graphics/color driver for luatex
))
\Gin@req@height=\dimen105
\Gin@req@width=\dimen106
)
("D:/Users/jhaines/AppData/Local/Programs/MiKTeX 2.9/tex/latex/pgf/systemlayer/
pgfsys.sty"
("D:/Users/jhaines/AppData/Local/Programs/MiKTeX 2.9/tex/generic/pgf/systemlaye
r/pgfsys.code.tex"
Package: pgfsys 2019/01/05 v3.1 (3.1)

("D:/Users/jhaines/AppData/Local/Programs/MiKTeX 2.9/tex/generic/pgf/utilities/
pgfkeys.code.tex"
\pgfkeys@pathtoks=\toks18
\pgfkeys@temptoks=\toks19

("D:/Users/jhaines/AppData/Local/Programs/MiKTeX 2.9/tex/generic/pgf/utilities/
pgfkeysfiltered.code.tex"
\pgfkeys@tmptoks=\toks20
))
\pgf@x=\dimen107
\pgf@y=\dimen108
\pgf@xa=\dimen109
\pgf@ya=\dimen110
\pgf@xb=\dimen111
\pgf@yb=\dimen112
\pgf@xc=\dimen113
\pgf@yc=\dimen114
\w@pgf@writea=\write3
\r@pgf@reada=\read1
\c@pgf@counta=\count91
\c@pgf@countb=\count92
\c@pgf@countc=\count93
\c@pgf@countd=\count94
\t@pgf@toka=\toks21
\t@pgf@tokb=\toks22
\t@pgf@tokc=\toks23
\pgf@sys@id@count=\count95

("D:/Users/jhaines/AppData/Local/Programs/MiKTeX 2.9/tex/generic/pgf/systemlaye
r/pgf.cfg"
File: pgf.cfg 2019/01/05 v3.1 (3.1)
)
Driver file for pgf: pgfsys-luatex.def

("D:/Users/jhaines/AppData/Local/Programs/MiKTeX 2.9/tex/generic/pgf/systemlaye
r/pgfsys-luatex.def"
File: pgfsys-luatex.def 2019/01/05 v3.1 (3.1)

("D:/Users/jhaines/AppData/Local/Programs/MiKTeX 2.9/tex/generic/pgf/systemlaye
r/pgfsys-common-pdf.def"
File: pgfsys-common-pdf.def 2019/01/05 v3.1 (3.1)
)))
("D:/Users/jhaines/AppData/Local/Programs/MiKTeX 2.9/tex/generic/pgf/systemlaye
r/pgfsyssoftpath.code.tex"
File: pgfsyssoftpath.code.tex 2019/01/05 v3.1 (3.1)
\pgfsyssoftpath@smallbuffer@items=\count96
\pgfsyssoftpath@bigbuffer@items=\count97
)
("D:/Users/jhaines/AppData/Local/Programs/MiKTeX 2.9/tex/generic/pgf/systemlaye
r/pgfsysprotocol.code.tex"
File: pgfsysprotocol.code.tex 2019/01/05 v3.1 (3.1)
))
("D:/Users/jhaines/AppData/Local/Programs/MiKTeX 2.9/tex/latex/xcolor/xcolor.st
y"
Package: xcolor 2016/05/11 v2.12 LaTeX color extensions (UK)

("D:/Users/jhaines/AppData/Local/Programs/MiKTeX 2.9/tex/latex/graphics-cfg/col
or.cfg"
File: color.cfg 2016/01/02 v1.6 sample color configuration
)
Package xcolor Info: Driver file: luatex.def on input line 225.
Package xcolor Info: Model `cmy' substituted by `cmy0' on input line 1348.
Package xcolor Info: Model `hsb' substituted by `rgb' on input line 1352.
Package xcolor Info: Model `RGB' extended on input line 1364.
Package xcolor Info: Model `HTML' substituted by `rgb' on input line 1366.
Package xcolor Info: Model `Hsb' substituted by `hsb' on input line 1367.
Package xcolor Info: Model `tHsb' substituted by `hsb' on input line 1368.
Package xcolor Info: Model `HSB' substituted by `hsb' on input line 1369.
Package xcolor Info: Model `Gray' substituted by `gray' on input line 1370.
Package xcolor Info: Model `wave' substituted by `hsb' on input line 1371.
)
("D:/Users/jhaines/AppData/Local/Programs/MiKTeX 2.9/tex/generic/pgf/basiclayer
/pgfcore.code.tex"
Package: pgfcore 2019/01/05 v3.1 (3.1)

("D:/Users/jhaines/AppData/Local/Programs/MiKTeX 2.9/tex/generic/pgf/math/pgfma
th.code.tex"
("D:/Users/jhaines/AppData/Local/Programs/MiKTeX 2.9/tex/generic/pgf/math/pgfma
thcalc.code.tex"
("D:/Users/jhaines/AppData/Local/Programs/MiKTeX 2.9/tex/generic/pgf/math/pgfma
thutil.code.tex")
("D:/Users/jhaines/AppData/Local/Programs/MiKTeX 2.9/tex/generic/pgf/math/pgfma
thparser.code.tex"
\pgfmath@dimen=\dimen115
\pgfmath@count=\count98
\pgfmath@box=\box29
\pgfmath@toks=\toks24
\pgfmath@stack@operand=\toks25
\pgfmath@stack@operation=\toks26
)
("D:/Users/jhaines/AppData/Local/Programs/MiKTeX 2.9/tex/generic/pgf/math/pgfma
thfunctions.code.tex"
("D:/Users/jhaines/AppData/Local/Programs/MiKTeX 2.9/tex/generic/pgf/math/pgfma
thfunctions.basic.code.tex")
("D:/Users/jhaines/AppData/Local/Programs/MiKTeX 2.9/tex/generic/pgf/math/pgfma
thfunctions.trigonometric.code.tex")
("D:/Users/jhaines/AppData/Local/Programs/MiKTeX 2.9/tex/generic/pgf/math/pgfma
thfunctions.random.code.tex")
("D:/Users/jhaines/AppData/Local/Programs/MiKTeX 2.9/tex/generic/pgf/math/pgfma
thfunctions.comparison.code.tex")
("D:/Users/jhaines/AppData/Local/Programs/MiKTeX 2.9/tex/generic/pgf/math/pgfma
thfunctions.base.code.tex")
("D:/Users/jhaines/AppData/Local/Programs/MiKTeX 2.9/tex/generic/pgf/math/pgfma
thfunctions.round.code.tex")
("D:/Users/jhaines/AppData/Local/Programs/MiKTeX 2.9/tex/generic/pgf/math/pgfma
thfunctions.misc.code.tex")
("D:/Users/jhaines/AppData/Local/Programs/MiKTeX 2.9/tex/generic/pgf/math/pgfma
thfunctions.integerarithmetics.code.tex")))
("D:/Users/jhaines/AppData/Local/Programs/MiKTeX 2.9/tex/generic/pgf/math/pgfma
thfloat.code.tex"
\c@pgfmathroundto@lastzeros=\count99
))
("D:/Users/jhaines/AppData/Local/Programs/MiKTeX 2.9/tex/generic/pgf/basiclayer
/pgfcorepoints.code.tex"
File: pgfcorepoints.code.tex 2019/01/05 v3.1 (3.1)
\pgf@picminx=\dimen116
\pgf@picmaxx=\dimen117
\pgf@picminy=\dimen118
\pgf@picmaxy=\dimen119
\pgf@pathminx=\dimen120
\pgf@pathmaxx=\dimen121
\pgf@pathminy=\dimen122
\pgf@pathmaxy=\dimen123
\pgf@xx=\dimen124
\pgf@xy=\dimen125
\pgf@yx=\dimen126
\pgf@yy=\dimen127
\pgf@zx=\dimen128
\pgf@zy=\dimen129
)
("D:/Users/jhaines/AppData/Local/Programs/MiKTeX 2.9/tex/generic/pgf/basiclayer
/pgfcorepathconstruct.code.tex"
File: pgfcorepathconstruct.code.tex 2019/01/05 v3.1 (3.1)
\pgf@path@lastx=\dimen130
\pgf@path@lasty=\dimen131
)
("D:/Users/jhaines/AppData/Local/Programs/MiKTeX 2.9/tex/generic/pgf/basiclayer
/pgfcorepathusage.code.tex"
File: pgfcorepathusage.code.tex 2019/01/05 v3.1 (3.1)
\pgf@shorten@end@additional=\dimen132
\pgf@shorten@start@additional=\dimen133
)
("D:/Users/jhaines/AppData/Local/Programs/MiKTeX 2.9/tex/generic/pgf/basiclayer
/pgfcorescopes.code.tex"
File: pgfcorescopes.code.tex 2019/01/05 v3.1 (3.1)
\pgfpic=\box30
\pgf@hbox=\box31
\pgf@layerbox@main=\box32
\pgf@picture@serial@count=\count100
)
("D:/Users/jhaines/AppData/Local/Programs/MiKTeX 2.9/tex/generic/pgf/basiclayer
/pgfcoregraphicstate.code.tex"
File: pgfcoregraphicstate.code.tex 2019/01/05 v3.1 (3.1)
\pgflinewidth=\dimen134
)
("D:/Users/jhaines/AppData/Local/Programs/MiKTeX 2.9/tex/generic/pgf/basiclayer
/pgfcoretransformations.code.tex"
File: pgfcoretransformations.code.tex 2019/01/05 v3.1 (3.1)
\pgf@pt@x=\dimen135
\pgf@pt@y=\dimen136
\pgf@pt@temp=\dimen137
)
("D:/Users/jhaines/AppData/Local/Programs/MiKTeX 2.9/tex/generic/pgf/basiclayer
/pgfcorequick.code.tex"
File: pgfcorequick.code.tex 2019/01/05 v3.1 (3.1)
)
("D:/Users/jhaines/AppData/Local/Programs/MiKTeX 2.9/tex/generic/pgf/basiclayer
/pgfcoreobjects.code.tex"
File: pgfcoreobjects.code.tex 2019/01/05 v3.1 (3.1)
)
("D:/Users/jhaines/AppData/Local/Programs/MiKTeX 2.9/tex/generic/pgf/basiclayer
/pgfcorepathprocessing.code.tex"
File: pgfcorepathprocessing.code.tex 2019/01/05 v3.1 (3.1)
)
("D:/Users/jhaines/AppData/Local/Programs/MiKTeX 2.9/tex/generic/pgf/basiclayer
/pgfcorearrows.code.tex"
File: pgfcorearrows.code.tex 2019/01/05 v3.1 (3.1)
\pgfarrowsep=\dimen138
)
("D:/Users/jhaines/AppData/Local/Programs/MiKTeX 2.9/tex/generic/pgf/basiclayer
/pgfcoreshade.code.tex"
File: pgfcoreshade.code.tex 2019/01/05 v3.1 (3.1)
\pgf@max=\dimen139
\pgf@sys@shading@range@num=\count101
)
("D:/Users/jhaines/AppData/Local/Programs/MiKTeX 2.9/tex/generic/pgf/basiclayer
/pgfcoreimage.code.tex"
File: pgfcoreimage.code.tex 2019/01/05 v3.1 (3.1)

("D:/Users/jhaines/AppData/Local/Programs/MiKTeX 2.9/tex/generic/pgf/basiclayer
/pgfcoreexternal.code.tex"
File: pgfcoreexternal.code.tex 2019/01/05 v3.1 (3.1)
\pgfexternal@startupbox=\box33
))
("D:/Users/jhaines/AppData/Local/Programs/MiKTeX 2.9/tex/generic/pgf/basiclayer
/pgfcorelayers.code.tex"
File: pgfcorelayers.code.tex 2019/01/05 v3.1 (3.1)
)
("D:/Users/jhaines/AppData/Local/Programs/MiKTeX 2.9/tex/generic/pgf/basiclayer
/pgfcoretransparency.code.tex"
File: pgfcoretransparency.code.tex 2019/01/05 v3.1 (3.1)
)
("D:/Users/jhaines/AppData/Local/Programs/MiKTeX 2.9/tex/generic/pgf/basiclayer
/pgfcorepatterns.code.tex"
File: pgfcorepatterns.code.tex 2019/01/05 v3.1 (3.1)
)
("D:/Users/jhaines/AppData/Local/Programs/MiKTeX 2.9/tex/generic/pgf/basiclayer
/pgfcorerdf.code.tex"
File: pgfcorerdf.code.tex 2019/01/05 v3.1 (3.1)
)))
("D:/Users/jhaines/AppData/Local/Programs/MiKTeX 2.9/tex/generic/pgf/modules/pg
fmoduleshapes.code.tex"
File: pgfmoduleshapes.code.tex 2019/01/05 v3.1 (3.1)
\pgfnodeparttextbox=\box34
)
("D:/Users/jhaines/AppData/Local/Programs/MiKTeX 2.9/tex/generic/pgf/modules/pg
fmoduleplot.code.tex"
File: pgfmoduleplot.code.tex 2019/01/05 v3.1 (3.1)
)
("D:/Users/jhaines/AppData/Local/Programs/MiKTeX 2.9/tex/latex/pgf/compatibilit
y/pgfcomp-version-0-65.sty"
Package: pgfcomp-version-0-65 2019/01/05 v3.1 (3.1)
\pgf@nodesepstart=\dimen140
\pgf@nodesepend=\dimen141
)
("D:/Users/jhaines/AppData/Local/Programs/MiKTeX 2.9/tex/latex/pgf/compatibilit
y/pgfcomp-version-1-18.sty"
Package: pgfcomp-version-1-18 2019/01/05 v3.1 (3.1)
))
("D:/Users/jhaines/AppData/Local/Programs/MiKTeX 2.9/tex/latex/pgf/utilities/pg
ffor.sty"
("D:/Users/jhaines/AppData/Local/Programs/MiKTeX 2.9/tex/latex/pgf/utilities/pg
fkeys.sty"
("D:/Users/jhaines/AppData/Local/Programs/MiKTeX 2.9/tex/generic/pgf/utilities/
pgfkeys.code.tex"))
("D:/Users/jhaines/AppData/Local/Programs/MiKTeX 2.9/tex/latex/pgf/math/pgfmath
.sty"
("D:/Users/jhaines/AppData/Local/Programs/MiKTeX 2.9/tex/generic/pgf/math/pgfma
th.code.tex"))
("D:/Users/jhaines/AppData/Local/Programs/MiKTeX 2.9/tex/generic/pgf/utilities/
pgffor.code.tex"
Package: pgffor 2019/01/05 v3.1 (3.1)

("D:/Users/jhaines/AppData/Local/Programs/MiKTeX 2.9/tex/generic/pgf/math/pgfma
th.code.tex")
\pgffor@iter=\dimen142
\pgffor@skip=\dimen143
\pgffor@stack=\toks27
\pgffor@toks=\toks28
))
("D:/Users/jhaines/AppData/Local/Programs/MiKTeX 2.9/tex/generic/pgf/frontendla
yer/tikz/tikz.code.tex"
Package: tikz 2019/01/05 v3.1 (3.1)

("D:/Users/jhaines/AppData/Local/Programs/MiKTeX 2.9/tex/generic/pgf/libraries/
pgflibraryplothandlers.code.tex"
File: pgflibraryplothandlers.code.tex 2019/01/05 v3.1 (3.1)
\pgf@plot@mark@count=\count102
\pgfplotmarksize=\dimen144
)
\tikz@lastx=\dimen145
\tikz@lasty=\dimen146
\tikz@lastxsaved=\dimen147
\tikz@lastysaved=\dimen148
\tikzleveldistance=\dimen149
\tikzsiblingdistance=\dimen150
\tikz@figbox=\box35
\tikz@figbox@bg=\box36
\tikz@tempbox=\box37
\tikz@tempbox@bg=\box38
\tikztreelevel=\count103
\tikznumberofchildren=\count104
\tikznumberofcurrentchild=\count105
\tikz@fig@count=\count106

("D:/Users/jhaines/AppData/Local/Programs/MiKTeX 2.9/tex/generic/pgf/modules/pg
fmodulematrix.code.tex"
File: pgfmodulematrix.code.tex 2019/01/05 v3.1 (3.1)
\pgfmatrixcurrentrow=\count107
\pgfmatrixcurrentcolumn=\count108
\pgf@matrix@numberofcolumns=\count109
)
\tikz@expandcount=\count110

("D:/Users/jhaines/AppData/Local/Programs/MiKTeX 2.9/tex/generic/pgf/frontendla
yer/tikz/libraries/tikzlibrarytopaths.code.tex"
File: tikzlibrarytopaths.code.tex 2019/01/05 v3.1 (3.1)
)))
("D:/Users/jhaines/AppData/Local/Programs/MiKTeX 2.9/tex/generic/pgf/frontendla
yer/tikz/libraries/tikzlibraryshapes.code.tex"
File: tikzlibraryshapes.code.tex 2019/01/05 v3.1 (3.1)

("D:/Users/jhaines/AppData/Local/Programs/MiKTeX 2.9/tex/generic/pgf/frontendla
yer/tikz/libraries/tikzlibraryshapes.geometric.code.tex"
File: tikzlibraryshapes.geometric.code.tex 2019/01/05 v3.1 (3.1)

("D:/Users/jhaines/AppData/Local/Programs/MiKTeX 2.9/tex/generic/pgf/libraries/
shapes/pgflibraryshapes.geometric.code.tex"
File: pgflibraryshapes.geometric.code.tex 2019/01/05 v3.1 (3.1)
))
("D:/Users/jhaines/AppData/Local/Programs/MiKTeX 2.9/tex/generic/pgf/frontendla
yer/tikz/libraries/tikzlibraryshapes.misc.code.tex"
File: tikzlibraryshapes.misc.code.tex 2019/01/05 v3.1 (3.1)

("D:/Users/jhaines/AppData/Local/Programs/MiKTeX 2.9/tex/generic/pgf/libraries/
shapes/pgflibraryshapes.misc.code.tex"
File: pgflibraryshapes.misc.code.tex 2019/01/05 v3.1 (3.1)
))
("D:/Users/jhaines/AppData/Local/Programs/MiKTeX 2.9/tex/generic/pgf/frontendla
yer/tikz/libraries/tikzlibraryshapes.symbols.code.tex"
File: tikzlibraryshapes.symbols.code.tex 2019/01/05 v3.1 (3.1)

("D:/Users/jhaines/AppData/Local/Programs/MiKTeX 2.9/tex/generic/pgf/libraries/
shapes/pgflibraryshapes.symbols.code.tex"
File: pgflibraryshapes.symbols.code.tex 2019/01/05 v3.1 (3.1)
))
("D:/Users/jhaines/AppData/Local/Programs/MiKTeX 2.9/tex/generic/pgf/frontendla
yer/tikz/libraries/tikzlibraryshapes.arrows.code.tex"
File: tikzlibraryshapes.arrows.code.tex 2019/01/05 v3.1 (3.1)

("D:/Users/jhaines/AppData/Local/Programs/MiKTeX 2.9/tex/generic/pgf/libraries/
shapes/pgflibraryshapes.arrows.code.tex"
File: pgflibraryshapes.arrows.code.tex 2019/01/05 v3.1 (3.1)
))
("D:/Users/jhaines/AppData/Local/Programs/MiKTeX 2.9/tex/generic/pgf/frontendla
yer/tikz/libraries/tikzlibraryshapes.callouts.code.tex"
("D:/Users/jhaines/AppData/Local/Programs/MiKTeX 2.9/tex/generic/pgf/libraries/
shapes/pgflibraryshapes.callouts.code.tex"))
("D:/Users/jhaines/AppData/Local/Programs/MiKTeX 2.9/tex/generic/pgf/frontendla
yer/tikz/libraries/tikzlibraryshapes.multipart.code.tex"
File: tikzlibraryshapes.multipart.code.tex 2019/01/05 v3.1 (3.1)

("D:/Users/jhaines/AppData/Local/Programs/MiKTeX 2.9/tex/generic/pgf/libraries/
shapes/pgflibraryshapes.multipart.code.tex"
File: pgflibraryshapes.multipart.code.tex 2019/01/05 v3.1 (3.1)
\pgfnodepartlowerbox=\box39
\pgfnodeparttwobox=\box40
\pgfnodepartthreebox=\box41
\pgfnodepartfourbox=\box42
\pgfnodeparttwentybox=\box43
\pgfnodepartnineteenbox=\box44
\pgfnodeparteighteenbox=\box45
\pgfnodepartseventeenbox=\box46
\pgfnodepartsixteenbox=\box47
\pgfnodepartfifteenbox=\box48
\pgfnodepartfourteenbox=\box49
\pgfnodepartthirteenbox=\box50
\pgfnodeparttwelvebox=\box51
\pgfnodepartelevenbox=\box52
\pgfnodeparttenbox=\box53
\pgfnodepartninebox=\box54
\pgfnodeparteightbox=\box55
\pgfnodepartsevenbox=\box56
\pgfnodepartsixbox=\box57
\pgfnodepartfivebox=\box58
)))
("D:/Users/jhaines/AppData/Local/Programs/MiKTeX 2.9/tex/generic/pgf/frontendla
yer/tikz/libraries/tikzlibraryarrows.code.tex"
File: tikzlibraryarrows.code.tex 2019/01/05 v3.1 (3.1)

("D:/Users/jhaines/AppData/Local/Programs/MiKTeX 2.9/tex/generic/pgf/libraries/
pgflibraryarrows.code.tex"
File: pgflibraryarrows.code.tex 2019/01/05 v3.1 (3.1)
\arrowsize=\dimen151
))
("D:/Users/jhaines/AppData/Local/Programs/MiKTeX 2.9/tex/generic/pgf/frontendla
yer/tikz/libraries/tikzlibrarycalc.code.tex"
File: tikzlibrarycalc.code.tex 2019/01/05 v3.1 (3.1)
)
("D:/Users/jhaines/AppData/Local/Programs/MiKTeX 2.9/tex/generic/pgf/frontendla
yer/tikz/libraries/tikzlibrarypositioning.code.tex"
File: tikzlibrarypositioning.code.tex 2019/01/05 v3.1 (3.1)
)
("D:/Users/jhaines/AppData/Local/Programs/MiKTeX 2.9/tex/latex/amsmath/amsmath.
sty"
Package: amsmath 2018/12/01 v2.17b AMS math features
\@mathmargin=\skip43

For additional information on amsmath, use the `?' option.

("D:/Users/jhaines/AppData/Local/Programs/MiKTeX 2.9/tex/latex/amsmath/amstext.
sty"
Package: amstext 2000/06/29 v2.01 AMS text

("D:/Users/jhaines/AppData/Local/Programs/MiKTeX 2.9/tex/latex/amsmath/amsgen.s
ty"
File: amsgen.sty 1999/11/30 v2.0 generic functions
\@emptytoks=\toks29
\ex@=\dimen152
))
("D:/Users/jhaines/AppData/Local/Programs/MiKTeX 2.9/tex/latex/amsmath/amsbsy.s
ty"
Package: amsbsy 1999/11/29 v1.2d Bold Symbols
\pmbraise@=\dimen153
)
("D:/Users/jhaines/AppData/Local/Programs/MiKTeX 2.9/tex/latex/amsmath/amsopn.s
ty"
Package: amsopn 2016/03/08 v2.02 operator names
)
\inf@bad=\count111
LaTeX Info: Redefining \frac on input line 223.
\uproot@=\count112
\leftroot@=\count113
LaTeX Info: Redefining \overline on input line 385.
\classnum@=\count114
\DOTSCASE@=\count115
LaTeX Info: Redefining \ldots on input line 482.
LaTeX Info: Redefining \dots on input line 485.
LaTeX Info: Redefining \cdots on input line 606.
\Mathstrutbox@=\box59
\strutbox@=\box60
\big@size=\dimen154
LaTeX Font Info:    Redeclaring font encoding OML on input line 729.
LaTeX Font Info:    Redeclaring font encoding OMS on input line 730.
\macc@depth=\count116
\c@MaxMatrixCols=\count117
\dotsspace@=\muskip10
\c@parentequation=\count118
\dspbrk@lvl=\count119
\tag@help=\toks30
\row@=\count120
\column@=\count121
\maxfields@=\count122
\andhelp@=\toks31
\eqnshift@=\dimen155
\alignsep@=\dimen156
\tagshift@=\dimen157
\tagwidth@=\dimen158
\totwidth@=\dimen159
\lineht@=\dimen160
\@envbody=\toks32
\multlinegap=\skip44
\multlinetaggap=\skip45
\mathdisplay@stack=\toks33
LaTeX Info: Redefining \[ on input line 2844.
LaTeX Info: Redefining \] on input line 2845.
) (./tgov1.aux)
\openout1 = tgov1.aux

LaTeX Font Info:    Checking defaults for OML/cmm/m/it on input line 34.
LaTeX Font Info:    ... okay on input line 34.
LaTeX Font Info:    Checking defaults for T1/cmr/m/n on input line 34.
LaTeX Font Info:    ... okay on input line 34.
LaTeX Font Info:    Checking defaults for OT1/cmr/m/n on input line 34.
LaTeX Font Info:    ... okay on input line 34.
LaTeX Font Info:    Checking defaults for OMS/cmsy/m/n on input line 34.
LaTeX Font Info:    ... okay on input line 34.
LaTeX Font Info:    Checking defaults for TU/lmr/m/n on input line 34.
LaTeX Font Info:    ... okay on input line 34.
LaTeX Font Info:    Checking defaults for OMX/cmex/m/n on input line 34.
LaTeX Font Info:    ... okay on input line 34.
LaTeX Font Info:    Checking defaults for U/cmr/m/n on input line 34.
LaTeX Font Info:    ... okay on input line 34.
 ABD: EveryShipout initializing macros
("D:/Users/jhaines/AppData/Local/Programs/MiKTeX 2.9/tex/context/base/supp-pdf.
mkii"
[Loading MPS to PDF converter (version 2006.09.02).]
\scratchcounter=\count123
\scratchdimen=\dimen161
\scratchbox=\box61
\nofMPsegments=\count124
\nofMParguments=\count125
\everyMPshowfont=\toks34
\MPscratchCnt=\count126
\MPscratchDim=\dimen162
\MPnumerator=\count127
\makeMPintoPDFobject=\count128
\everyMPtoPDFconversion=\toks35
)
("D:/Users/jhaines/AppData/Local/Programs/MiKTeX 2.9/tex/latex/oberdiek/epstopd
f-base.sty"
Package: epstopdf-base 2016/05/15 v2.6 Base part for package epstopdf

("D:/Users/jhaines/AppData/Local/Programs/MiKTeX 2.9/tex/latex/oberdiek/grfext.
sty"
Package: grfext 2016/05/16 v1.2 Manage graphics extensions (HO)

("D:/Users/jhaines/AppData/Local/Programs/MiKTeX 2.9/tex/generic/oberdiek/kvdef
inekeys.sty"
Package: kvdefinekeys 2016/05/16 v1.4 Define keys (HO)
))
("D:/Users/jhaines/AppData/Local/Programs/MiKTeX 2.9/tex/latex/oberdiek/kvoptio
ns.sty"
Package: kvoptions 2016/05/16 v3.12 Key value format for package options (HO)

("D:/Users/jhaines/AppData/Local/Programs/MiKTeX 2.9/tex/generic/oberdiek/kvset
keys.sty"
Package: kvsetkeys 2016/05/16 v1.17 Key value parser (HO)

("D:/Users/jhaines/AppData/Local/Programs/MiKTeX 2.9/tex/generic/oberdiek/etexc
mds.sty"
Package: etexcmds 2016/05/16 v1.6 Avoid name clashes with e-TeX commands (HO)
)))
Package epstopdf-base Info: Redefining graphics rule for `.eps' on input line 43
8.
Package grfext Info: Graphics extension search list:
(grfext)             [.pdf,.png,.jpg,.mps,.jpeg,.jbig2,.jb2,.PDF,.PNG,.JPG,.JPEG
,.JBIG2,.JB2,.eps]
(grfext)             \AppendGraphicsExtensions on input line 456.
) [1

{D:/Users/jhaines/AppData/Local/MiKTeX/2.9/pdftex/config/pdftex.map}] (./tgov1.
aux))

Here is how much of LuaTeX's memory you used:
 15675 strings out of 494300
 100000,460012 words of node,token memory allocated
 7990 words of node memory still in use:
   162 hlist, 5 vlist, 5 rule, 32 math, 292 glue, 19 kern, 66 glyph, 579 attribu
te, 48 glue_spec, 579 attribute_list, 1 write, 280 pdf_literal, 38 pdf_colorstac
k nodes
   avail lists: 1:1,2:25,3:282,4:43,5:37,6:1,7:400,8:12,9:171
 19247 multiletter control sequences out of 65536+200000
 27 fonts using 1469327 bytes
 55i,7n,67p,432b,827s stack positions out of 5000i,500n,10000p,200000b,50000s
<D:/Users/jhaines/AppData/Local/Programs/MiKTeX 2.9/fonts/type1/public/amsfonts/
cm/cmmi10.pfb><D:/Users/jhaines/AppData/Local/Programs/MiKTeX 2.9/fonts/type1/pu
blic/amsfonts/cm/cmmi7.pfb><D:/Users/jhaines/AppData/Local/Programs/MiKTeX 2.9/f
onts/type1/public/amsfonts/cm/cmr10.pfb><D:/Users/jhaines/AppData/Local/Programs
/MiKTeX 2.9/fonts/type1/public/amsfonts/cm/cmr7.pfb><D:/Users/jhaines/AppData/Lo
cal/Programs/MiKTeX 2.9/fonts/type1/public/amsfonts/cm/cmsy10.pfb>
Output written on tgov1.pdf (1 page, 46159 bytes).

PDF statistics: 29 PDF objects out of 1000 (max. 8388607)
 0 named destinations out of 1000 (max. 131072)
 16 words of extra memory for PDF output out of 10000 (max. 100000000)

